Namespace(batch_size=20, bptt=35, clip=0.25, combination=['1', '1', '0.5'], data='/home/lr/yukun/common_corpus/data/50lm/es', device='cuda:0', dropout=0.5, emsize=650, epochs=40, input_freq=1, log_interval=200, lr=20, max_gram_n=3, model='LSTM', nhid=650, nlayers=2, note='Char-BiLSTM-add-Word-LSTM-Word(g= 0.5,n= 2)', onnx_export='', save='char-word-word.en.model', seed=1111, tied=False, use_bilstm=True, weights=[1.0, 1.0, 0.5], word_out_num=1)
max length of word:26
n value in n-gram: 3
/home/lr/yukun/common_corpus/data/50lm/es Char-BiLSTM-add-Word-LSTM-Word(g= 0.5,n= 2) total param_num: 106.845M
/home/lr/yukun/common_corpus/data/50lm/es Char-BiLSTM-add-Word-LSTM-Word(g= 0.5,n= 2) decoder vocab size: 60204
/home/lr/yukun/common_corpus/data/50lm/es Char-BiLSTM-add-Word-LSTM-Word(g= 0.5,n= 2) encoder vocab size: 60204
/home/lr/yukun/common_corpus/data/50lm/es Char-BiLSTM-add-Word-LSTM-Word(g= 0.5,n= 2) ngram vocab size: 21742
| end of epoch   1 | time: 90.93s | valid loss  6.03 | valid ppl   414.48 lr:20.00
| end of epoch   2 | time: 92.36s | valid loss  5.68 | valid ppl   293.08 lr:20.00
| end of epoch   3 | time: 91.84s | valid loss  5.49 | valid ppl   243.16 lr:20.00
| end of epoch   4 | time: 92.53s | valid loss  5.39 | valid ppl   218.97 lr:20.00
| end of epoch   5 | time: 92.80s | valid loss  5.34 | valid ppl   207.79 lr:20.00
| end of epoch   6 | time: 92.34s | valid loss  5.26 | valid ppl   192.00 lr:20.00
| end of epoch   7 | time: 91.94s | valid loss  5.23 | valid ppl   186.36 lr:20.00
| end of epoch   8 | time: 92.27s | valid loss  5.20 | valid ppl   181.95 lr:20.00
| end of epoch   9 | time: 91.95s | valid loss  5.22 | valid ppl   185.74 lr:20.00
| end of epoch  10 | time: 92.92s | valid loss  5.12 | valid ppl   166.50 lr: 5.00
| end of epoch  11 | time: 92.08s | valid loss  5.11 | valid ppl   166.45 lr: 5.00
| end of epoch  12 | time: 92.21s | valid loss  5.11 | valid ppl   165.98 lr: 5.00
| end of epoch  13 | time: 92.47s | valid loss  5.11 | valid ppl   166.35 lr: 5.00
| end of epoch  14 | time: 91.81s | valid loss  5.11 | valid ppl   165.01 lr: 1.25
| end of epoch  15 | time: 91.86s | valid loss  5.11 | valid ppl   164.85 lr: 1.25
| end of epoch  16 | time: 92.96s | valid loss  5.11 | valid ppl   164.99 lr: 1.25
| end of epoch  17 | time: 92.43s | valid loss  5.10 | valid ppl   163.69 lr: 0.31
| end of epoch  18 | time: 91.92s | valid loss  5.10 | valid ppl   163.71 lr: 0.31
| end of epoch  19 | time: 92.49s | valid loss  5.09 | valid ppl   162.24 lr: 0.08
| end of epoch  20 | time: 92.07s | valid loss  5.09 | valid ppl   162.13 lr: 0.08
| end of epoch  21 | time: 91.97s | valid loss  5.09 | valid ppl   162.11 lr: 0.08
| end of epoch  22 | time: 92.23s | valid loss  5.09 | valid ppl   162.10 lr: 0.08
| end of epoch  23 | time: 91.85s | valid loss  5.09 | valid ppl   162.05 lr: 0.08
| end of epoch  24 | time: 91.79s | valid loss  5.09 | valid ppl   162.14 lr: 0.08
all training time elapsed: 0:36:52.029468
training time per epoch: 0:00:55.300737
=========================================================================================
| End of training | test loss  5.37 | best_val_ppl   162.05 test ppl   215.31
=========================================================================================
final_out: /home/lr/yukun/common_corpus/data/50lm/es Char-BiLSTM-add-Word-LSTM-Word(g= 0.5,n= 2) 162.04531347554035 215.31135782894907
1-15, 15-30, 30-45, 45-60, 60-75, 75-90, 90+
[125.68093497604542, 97.16701231745103, 112.34530037192451, 114.44454358665222, 105.44678972224709, 279.84659582057554, 0]
