Namespace(batch_size=20, bptt=35, clip=0.25, combination=['1', '1', '0'], data='/home/lr/yukun/common_corpus/data/50lm/he', device='cuda:0', dropout=0.5, emsize=650, epochs=40, input_freq=1, log_interval=200, lr=20, max_gram_n=3, model='LSTM', nhid=650, nlayers=2, note='Char-BiLSTM-add-Word-LSTM-Word(g= 0.5,n= 2)', onnx_export='', save='char-word.en.model', seed=1111, tied=False, use_bilstm=True, weights=[1.0, 1.0, 0.0], word_out_num=1)
max length of word:26
n value in n-gram: 3
/home/lr/yukun/common_corpus/data/50lm/he Char-BiLSTM-add-Word-LSTM-Word(g= 0.5,n= 2) total param_num: 136.958M
/home/lr/yukun/common_corpus/data/50lm/he Char-BiLSTM-add-Word-LSTM-Word(g= 0.5,n= 2) decoder vocab size: 83225
/home/lr/yukun/common_corpus/data/50lm/he Char-BiLSTM-add-Word-LSTM-Word(g= 0.5,n= 2) encoder vocab size: 83225
/home/lr/yukun/common_corpus/data/50lm/he Char-BiLSTM-add-Word-LSTM-Word(g= 0.5,n= 2) ngram vocab size: 21992
| end of epoch   1 | time: 89.12s | valid loss  7.87 | valid ppl  2604.82 lr:20.00
| end of epoch   2 | time: 91.82s | valid loss  7.58 | valid ppl  1958.03 lr:20.00
| end of epoch   3 | time: 92.34s | valid loss  7.35 | valid ppl  1555.67 lr:20.00
| end of epoch   4 | time: 92.19s | valid loss  7.28 | valid ppl  1452.24 lr:20.00
| end of epoch   5 | time: 92.14s | valid loss  7.18 | valid ppl  1311.50 lr:20.00
| end of epoch   6 | time: 92.15s | valid loss  7.12 | valid ppl  1238.65 lr:20.00
| end of epoch   7 | time: 92.11s | valid loss  7.12 | valid ppl  1239.02 lr:20.00
| end of epoch   8 | time: 92.11s | valid loss  7.05 | valid ppl  1148.74 lr: 5.00
| end of epoch   9 | time: 92.14s | valid loss  7.03 | valid ppl  1135.49 lr: 5.00
| end of epoch  10 | time: 91.87s | valid loss  7.03 | valid ppl  1133.04 lr: 5.00
| end of epoch  11 | time: 91.93s | valid loss  7.04 | valid ppl  1139.04 lr: 5.00
| end of epoch  12 | time: 92.04s | valid loss  7.01 | valid ppl  1108.96 lr: 1.25
| end of epoch  13 | time: 92.03s | valid loss  7.01 | valid ppl  1106.92 lr: 1.25
| end of epoch  14 | time: 91.89s | valid loss  7.01 | valid ppl  1109.15 lr: 1.25
| end of epoch  15 | time: 92.05s | valid loss  6.99 | valid ppl  1085.92 lr: 0.31
| end of epoch  16 | time: 91.92s | valid loss  6.99 | valid ppl  1085.16 lr: 0.31
| end of epoch  17 | time: 91.85s | valid loss  6.99 | valid ppl  1084.13 lr: 0.31
| end of epoch  18 | time: 91.87s | valid loss  6.99 | valid ppl  1086.18 lr: 0.31
| end of epoch  19 | time: 91.94s | valid loss  7.00 | valid ppl  1094.02 lr: 0.08
all training time elapsed: 0:29:05.523283
training time per epoch: 0:00:43.638082
=========================================================================================
| End of training | test loss  6.99 | best_val_ppl  1084.13 test ppl  1091.08
=========================================================================================
final_out: /home/lr/yukun/common_corpus/data/50lm/he Char-BiLSTM-add-Word-LSTM-Word(g= 0.5,n= 2) 1084.1322364567861 1091.0771749800283
1-15, 15-30, 30-45, 45-60, 60-75, 75-90, 90+
[1542.7222433651366, 1327.876902414313, 1315.7884832027771, 1157.426314148017, 915.1966898448495, 742.6385592316584, 0]
