Namespace(batch_size=20, bptt=35, clip=0.25, combination=['1', '1', '0.5'], data='/home/lr/yukun/common_corpus/data/50lm/fi', device='cuda:0', dropout=0.5, emsize=650, epochs=40, input_freq=1, log_interval=200, lr=20, max_gram_n=3, model='LSTM', nhid=650, nlayers=2, note='Char-BiLSTM-add-Word-LSTM-Word(g= 0.5,n= 2)', onnx_export='', save='char-word-word.en.model', seed=1111, tied=False, use_bilstm=True, weights=[1.0, 1.0, 0.5], word_out_num=1)
max length of word:35
n value in n-gram: 3
/home/lr/yukun/common_corpus/data/50lm/fi Char-BiLSTM-add-Word-LSTM-Word(g= 0.5,n= 2) total param_num: 178.411M
/home/lr/yukun/common_corpus/data/50lm/fi Char-BiLSTM-add-Word-LSTM-Word(g= 0.5,n= 2) decoder vocab size: 115582
/home/lr/yukun/common_corpus/data/50lm/fi Char-BiLSTM-add-Word-LSTM-Word(g= 0.5,n= 2) encoder vocab size: 115582
/home/lr/yukun/common_corpus/data/50lm/fi Char-BiLSTM-add-Word-LSTM-Word(g= 0.5,n= 2) ngram vocab size: 21002
| end of epoch   1 | time: 102.31s | valid loss  7.90 | valid ppl  2710.30 lr:20.00
| end of epoch   2 | time: 103.85s | valid loss  7.56 | valid ppl  1913.25 lr:20.00
| end of epoch   3 | time: 104.11s | valid loss  7.41 | valid ppl  1645.76 lr:20.00
| end of epoch   4 | time: 104.10s | valid loss  7.32 | valid ppl  1506.95 lr:20.00
| end of epoch   5 | time: 104.37s | valid loss  7.29 | valid ppl  1461.43 lr:20.00
| end of epoch   6 | time: 104.15s | valid loss  7.31 | valid ppl  1499.81 lr:20.00
| end of epoch   7 | time: 104.26s | valid loss  7.23 | valid ppl  1383.55 lr: 5.00
| end of epoch   8 | time: 104.08s | valid loss  7.25 | valid ppl  1405.83 lr: 5.00
| end of epoch   9 | time: 103.91s | valid loss  7.24 | valid ppl  1395.73 lr: 1.25
| end of epoch  10 | time: 104.02s | valid loss  7.23 | valid ppl  1383.36 lr: 0.31
| end of epoch  11 | time: 103.90s | valid loss  7.23 | valid ppl  1380.44 lr: 0.31
| end of epoch  12 | time: 103.91s | valid loss  7.23 | valid ppl  1376.32 lr: 0.31
| end of epoch  13 | time: 103.97s | valid loss  7.23 | valid ppl  1378.20 lr: 0.31
| end of epoch  14 | time: 104.22s | valid loss  7.22 | valid ppl  1372.92 lr: 0.08
| end of epoch  15 | time: 104.22s | valid loss  7.22 | valid ppl  1373.22 lr: 0.08
all training time elapsed: 0:25:59.402477
training time per epoch: 0:00:38.985062
=========================================================================================
| End of training | test loss  7.31 | best_val_ppl  1372.92 test ppl  1494.48
=========================================================================================
final_out: /home/lr/yukun/common_corpus/data/50lm/fi Char-BiLSTM-add-Word-LSTM-Word(g= 0.5,n= 2) 1372.9180140618616 1494.4777353602622
1-15, 15-30, 30-45, 45-60, 60-75, 75-90, 90+
[1985.8824718897818, 1792.2885604988462, 2368.524324404709, 1793.535043968984, 1086.0593464048945, 878.6914390801214, 0]
