Namespace(batch_size=20, bptt=35, clip=0.25, combination=['1', '1', '0'], data='/home/lr/yukun/common_corpus/data/50lm/cs', device='cuda:0', dropout=0.5, emsize=650, epochs=40, input_freq=1, log_interval=200, lr=20, max_gram_n=3, model='LSTM', nhid=650, nlayers=2, note='Char-BiLSTM-add-Word-LSTM-Word(g= 0.5,n= 2)', onnx_export='', save='char-word.en.model', seed=1111, tied=False, use_bilstm=True, weights=[1.0, 1.0, 0.0], word_out_num=1)
max length of word:35
n value in n-gram: 3
/home/lr/yukun/common_corpus/data/50lm/cs Char-BiLSTM-add-Word-LSTM-Word(g= 0.5,n= 2) total param_num: 144.766M
/home/lr/yukun/common_corpus/data/50lm/cs Char-BiLSTM-add-Word-LSTM-Word(g= 0.5,n= 2) decoder vocab size: 86793
/home/lr/yukun/common_corpus/data/50lm/cs Char-BiLSTM-add-Word-LSTM-Word(g= 0.5,n= 2) encoder vocab size: 86793
/home/lr/yukun/common_corpus/data/50lm/cs Char-BiLSTM-add-Word-LSTM-Word(g= 0.5,n= 2) ngram vocab size: 26862
| end of epoch   1 | time: 89.45s | valid loss  7.47 | valid ppl  1759.38 lr:20.00
| end of epoch   2 | time: 91.02s | valid loss  7.13 | valid ppl  1250.48 lr:20.00
| end of epoch   3 | time: 91.39s | valid loss  6.94 | valid ppl  1029.10 lr:20.00
| end of epoch   4 | time: 90.84s | valid loss  6.82 | valid ppl   919.49 lr:20.00
| end of epoch   5 | time: 91.25s | valid loss  6.74 | valid ppl   848.69 lr:20.00
| end of epoch   6 | time: 91.16s | valid loss  6.70 | valid ppl   813.82 lr:20.00
| end of epoch   7 | time: 90.92s | valid loss  6.68 | valid ppl   795.49 lr:20.00
| end of epoch   8 | time: 91.13s | valid loss  6.68 | valid ppl   796.40 lr:20.00
| end of epoch   9 | time: 91.33s | valid loss  6.63 | valid ppl   754.90 lr: 5.00
| end of epoch  10 | time: 90.91s | valid loss  6.63 | valid ppl   754.85 lr: 5.00
| end of epoch  11 | time: 90.64s | valid loss  6.63 | valid ppl   755.92 lr: 5.00
| end of epoch  12 | time: 90.92s | valid loss  6.61 | valid ppl   743.72 lr: 1.25
| end of epoch  13 | time: 90.91s | valid loss  6.61 | valid ppl   743.10 lr: 1.25
| end of epoch  14 | time: 91.01s | valid loss  6.61 | valid ppl   743.45 lr: 1.25
| end of epoch  15 | time: 91.31s | valid loss  6.60 | valid ppl   735.50 lr: 0.31
| end of epoch  16 | time: 91.18s | valid loss  6.60 | valid ppl   735.33 lr: 0.31
| end of epoch  17 | time: 91.09s | valid loss  6.60 | valid ppl   736.11 lr: 0.31
| end of epoch  18 | time: 91.19s | valid loss  6.60 | valid ppl   734.58 lr: 0.08
| end of epoch  19 | time: 91.17s | valid loss  6.60 | valid ppl   733.90 lr: 0.08
| end of epoch  20 | time: 91.32s | valid loss  6.60 | valid ppl   733.07 lr: 0.08
| end of epoch  21 | time: 91.55s | valid loss  6.60 | valid ppl   732.95 lr: 0.08
| end of epoch  22 | time: 91.18s | valid loss  6.60 | valid ppl   732.86 lr: 0.08
| end of epoch  23 | time: 91.15s | valid loss  6.60 | valid ppl   732.80 lr: 0.08
| end of epoch  24 | time: 91.32s | valid loss  6.60 | valid ppl   732.53 lr: 0.08
| end of epoch  25 | time: 91.14s | valid loss  6.60 | valid ppl   732.60 lr: 0.08
all training time elapsed: 0:37:56.510059
training time per epoch: 0:00:56.912751
=========================================================================================
| End of training | test loss  6.84 | best_val_ppl   732.53 test ppl   937.80
=========================================================================================
final_out: /home/lr/yukun/common_corpus/data/50lm/cs Char-BiLSTM-add-Word-LSTM-Word(g= 0.5,n= 2) 732.5346996721202 937.8007787653456
1-15, 15-30, 30-45, 45-60, 60-75, 75-90, 90+
[1074.495607813368, 806.7129393702473, 860.6049682665812, 1049.787138270747, 678.7094314611791, 752.2859416446639, 0]
