Namespace(batch_size=20, bptt=35, clip=0.25, combination=['1', '1', '0.5'], data='/home/lr/yukun/common_corpus/data/50lm/et', device='cuda:0', dropout=0.5, emsize=650, epochs=40, input_freq=1, log_interval=200, lr=20, max_gram_n=3, model='LSTM', nhid=650, nlayers=2, note='Char-BiLSTM-add-Word-LSTM-Word(g= 0.5,n= 2)', onnx_export='', save='char-word-word.en.model', seed=1111, tied=False, use_bilstm=True, weights=[1.0, 1.0, 0.5], word_out_num=1)
max length of word:33
n value in n-gram: 3
/home/lr/yukun/common_corpus/data/50lm/et Char-BiLSTM-add-Word-LSTM-Word(g= 0.5,n= 2) total param_num: 153.119M
/home/lr/yukun/common_corpus/data/50lm/et Char-BiLSTM-add-Word-LSTM-Word(g= 0.5,n= 2) decoder vocab size: 94186
/home/lr/yukun/common_corpus/data/50lm/et Char-BiLSTM-add-Word-LSTM-Word(g= 0.5,n= 2) encoder vocab size: 94186
/home/lr/yukun/common_corpus/data/50lm/et Char-BiLSTM-add-Word-LSTM-Word(g= 0.5,n= 2) ngram vocab size: 24916
| end of epoch   1 | time: 85.06s | valid loss  7.52 | valid ppl  1838.00 lr:20.00
| end of epoch   2 | time: 88.91s | valid loss  7.12 | valid ppl  1232.71 lr:20.00
| end of epoch   3 | time: 88.29s | valid loss  6.91 | valid ppl  1004.15 lr:20.00
| end of epoch   4 | time: 88.69s | valid loss  6.80 | valid ppl   898.07 lr:20.00
| end of epoch   5 | time: 88.98s | valid loss  6.72 | valid ppl   828.80 lr:20.00
| end of epoch   6 | time: 88.87s | valid loss  6.70 | valid ppl   810.69 lr:20.00
| end of epoch   7 | time: 89.00s | valid loss  6.71 | valid ppl   821.36 lr:20.00
| end of epoch   8 | time: 88.90s | valid loss  6.62 | valid ppl   748.68 lr: 5.00
| end of epoch   9 | time: 88.74s | valid loss  6.62 | valid ppl   753.67 lr: 5.00
| end of epoch  10 | time: 88.82s | valid loss  6.62 | valid ppl   752.90 lr: 1.25
| end of epoch  11 | time: 88.76s | valid loss  6.62 | valid ppl   750.62 lr: 0.31
| end of epoch  12 | time: 88.82s | valid loss  6.60 | valid ppl   732.67 lr: 0.08
| end of epoch  13 | time: 88.77s | valid loss  6.59 | valid ppl   730.58 lr: 0.08
| end of epoch  14 | time: 88.81s | valid loss  6.59 | valid ppl   730.10 lr: 0.08
| end of epoch  15 | time: 88.88s | valid loss  6.59 | valid ppl   729.96 lr: 0.08
| end of epoch  16 | time: 88.74s | valid loss  6.59 | valid ppl   729.57 lr: 0.08
| end of epoch  17 | time: 88.83s | valid loss  6.59 | valid ppl   729.57 lr: 0.08
| end of epoch  18 | time: 88.60s | valid loss  6.59 | valid ppl   729.49 lr: 0.08
| end of epoch  19 | time: 89.06s | valid loss  6.59 | valid ppl   729.15 lr: 0.08
| end of epoch  20 | time: 88.98s | valid loss  6.59 | valid ppl   729.83 lr: 0.08
all training time elapsed: 0:29:32.520272
training time per epoch: 0:00:44.313007
=========================================================================================
| End of training | test loss  6.77 | best_val_ppl   729.15 test ppl   869.88
=========================================================================================
final_out: /home/lr/yukun/common_corpus/data/50lm/et Char-BiLSTM-add-Word-LSTM-Word(g= 0.5,n= 2) 729.1501845693759 869.8839918210772
1-15, 15-30, 30-45, 45-60, 60-75, 75-90, 90+
[1288.5821677706865, 979.6866547212899, 1189.501711068411, 451.5967478659665, 1293.5120405924404, 540.390034203779, 0]
