Namespace(batch_size=20, bptt=35, clip=0.25, combination=['0', '1', '0'], data='/home/lr/yukun/common_corpus/data/50lm/et', device='cuda:0', dropout=0.5, emsize=650, epochs=40, input_freq=1, log_interval=200, lr=20, max_gram_n=3, model='LSTM', nhid=650, nlayers=2, note='Char-BiLSTM-LSTM', onnx_export='', save='char.en.model', seed=1111, tied=False, use_bilstm=True, weights=[0.0, 1.0, 0.0], word_out_num=1)
max length of word:33
n value in n-gram: 3
/home/lr/yukun/common_corpus/data/50lm/et Char-BiLSTM-LSTM total param_num: 91.897M
/home/lr/yukun/common_corpus/data/50lm/et Char-BiLSTM-LSTM decoder vocab size: 94186
/home/lr/yukun/common_corpus/data/50lm/et Char-BiLSTM-LSTM ngram vocab size: 24916
| end of epoch   1 | time: 77.15s | valid loss  7.64 | valid ppl  2079.68 lr:20.00
| end of epoch   2 | time: 78.51s | valid loss  7.23 | valid ppl  1385.84 lr:20.00
| end of epoch   3 | time: 78.95s | valid loss  7.03 | valid ppl  1126.67 lr:20.00
| end of epoch   4 | time: 79.58s | valid loss  6.89 | valid ppl   979.57 lr:20.00
| end of epoch   5 | time: 79.00s | valid loss  6.83 | valid ppl   925.10 lr:20.00
| end of epoch   6 | time: 78.96s | valid loss  6.81 | valid ppl   908.85 lr:20.00
| end of epoch   7 | time: 79.30s | valid loss  6.77 | valid ppl   870.92 lr:20.00
| end of epoch   8 | time: 79.54s | valid loss  6.76 | valid ppl   866.52 lr:20.00
| end of epoch   9 | time: 79.25s | valid loss  6.77 | valid ppl   874.29 lr:20.00
| end of epoch  10 | time: 79.37s | valid loss  6.72 | valid ppl   828.05 lr: 5.00
| end of epoch  11 | time: 79.18s | valid loss  6.71 | valid ppl   821.28 lr: 5.00
| end of epoch  12 | time: 78.89s | valid loss  6.73 | valid ppl   835.01 lr: 5.00
| end of epoch  13 | time: 78.95s | valid loss  6.72 | valid ppl   828.54 lr: 1.25
| end of epoch  14 | time: 79.40s | valid loss  6.70 | valid ppl   815.82 lr: 0.31
| end of epoch  15 | time: 79.24s | valid loss  6.70 | valid ppl   815.11 lr: 0.31
| end of epoch  16 | time: 78.65s | valid loss  6.70 | valid ppl   814.45 lr: 0.31
| end of epoch  17 | time: 79.68s | valid loss  6.70 | valid ppl   814.41 lr: 0.31
| end of epoch  18 | time: 79.00s | valid loss  6.70 | valid ppl   814.31 lr: 0.31
| end of epoch  19 | time: 79.31s | valid loss  6.70 | valid ppl   815.10 lr: 0.31
| end of epoch  20 | time: 78.57s | valid loss  6.71 | valid ppl   816.77 lr: 0.08
all training time elapsed: 0:26:20.488141
training time per epoch: 0:00:39.512204
=========================================================================================
| End of training | test loss  6.89 | best_val_ppl   814.31 test ppl   987.19
=========================================================================================
final_out: /home/lr/yukun/common_corpus/data/50lm/et Char-BiLSTM-LSTM 814.30890626692 987.1933025527325
1-15, 15-30, 30-45, 45-60, 60-75, 75-90, 90+
[1488.4647630061065, 1142.5065573344732, 1365.5840115104288, 552.9167686278101, 1641.7722069367992, 605.0485625273334, 0]
