Namespace(batch_size=20, bptt=35, clip=0.25, combination=['1', '1', '0'], data='/home/lr/yukun/common_corpus/data/50lm/pt', device='cuda:0', dropout=0.5, emsize=650, epochs=40, input_freq=1, log_interval=200, lr=20, max_gram_n=3, model='LSTM', nhid=650, nlayers=2, note='Char-BiLSTM-add-Word-LSTM-Word(g= 0.5,n= 2)', onnx_export='', save='char-word.en.model', seed=1111, tied=False, use_bilstm=True, weights=[1.0, 1.0, 0.0], word_out_num=1)
max length of word:29
n value in n-gram: 3
/home/lr/yukun/common_corpus/data/50lm/pt Char-BiLSTM-add-Word-LSTM-Word(g= 0.5,n= 2) total param_num: 101.366M
/home/lr/yukun/common_corpus/data/50lm/pt Char-BiLSTM-add-Word-LSTM-Word(g= 0.5,n= 2) decoder vocab size: 56180
/home/lr/yukun/common_corpus/data/50lm/pt Char-BiLSTM-add-Word-LSTM-Word(g= 0.5,n= 2) encoder vocab size: 56180
/home/lr/yukun/common_corpus/data/50lm/pt Char-BiLSTM-add-Word-LSTM-Word(g= 0.5,n= 2) ngram vocab size: 21366
| end of epoch   1 | time: 84.33s | valid loss  6.08 | valid ppl   437.27 lr:20.00
| end of epoch   2 | time: 86.15s | valid loss  5.73 | valid ppl   308.09 lr:20.00
| end of epoch   3 | time: 86.32s | valid loss  5.55 | valid ppl   256.04 lr:20.00
| end of epoch   4 | time: 86.03s | valid loss  5.44 | valid ppl   230.89 lr:20.00
| end of epoch   5 | time: 86.43s | valid loss  5.36 | valid ppl   213.43 lr:20.00
| end of epoch   6 | time: 86.21s | valid loss  5.32 | valid ppl   204.16 lr:20.00
| end of epoch   7 | time: 86.23s | valid loss  5.30 | valid ppl   199.78 lr:20.00
| end of epoch   8 | time: 86.11s | valid loss  5.27 | valid ppl   193.59 lr:20.00
| end of epoch   9 | time: 86.05s | valid loss  5.24 | valid ppl   189.38 lr:20.00
| end of epoch  10 | time: 86.15s | valid loss  5.26 | valid ppl   191.57 lr:20.00
| end of epoch  11 | time: 86.08s | valid loss  5.18 | valid ppl   177.03 lr: 5.00
| end of epoch  12 | time: 86.29s | valid loss  5.17 | valid ppl   176.50 lr: 5.00
| end of epoch  13 | time: 86.11s | valid loss  5.17 | valid ppl   175.96 lr: 5.00
| end of epoch  14 | time: 86.12s | valid loss  5.17 | valid ppl   176.51 lr: 5.00
| end of epoch  15 | time: 86.22s | valid loss  5.16 | valid ppl   173.71 lr: 1.25
| end of epoch  16 | time: 86.16s | valid loss  5.16 | valid ppl   173.42 lr: 1.25
| end of epoch  17 | time: 86.12s | valid loss  5.15 | valid ppl   173.23 lr: 1.25
| end of epoch  18 | time: 86.19s | valid loss  5.16 | valid ppl   173.69 lr: 1.25
| end of epoch  19 | time: 86.15s | valid loss  5.15 | valid ppl   172.80 lr: 0.31
| end of epoch  20 | time: 86.10s | valid loss  5.15 | valid ppl   172.77 lr: 0.31
| end of epoch  21 | time: 86.14s | valid loss  5.15 | valid ppl   172.48 lr: 0.31
| end of epoch  22 | time: 86.21s | valid loss  5.15 | valid ppl   172.76 lr: 0.31
| end of epoch  23 | time: 86.30s | valid loss  5.14 | valid ppl   171.09 lr: 0.08
| end of epoch  24 | time: 86.04s | valid loss  5.14 | valid ppl   170.96 lr: 0.08
| end of epoch  25 | time: 86.11s | valid loss  5.14 | valid ppl   170.83 lr: 0.08
| end of epoch  26 | time: 86.26s | valid loss  5.14 | valid ppl   170.70 lr: 0.08
| end of epoch  27 | time: 86.07s | valid loss  5.14 | valid ppl   170.70 lr: 0.08
all training time elapsed: 0:38:44.708748
training time per epoch: 0:00:58.117719
=========================================================================================
| End of training | test loss  5.14 | best_val_ppl   170.70 test ppl   170.70
=========================================================================================
final_out: /home/lr/yukun/common_corpus/data/50lm/pt Char-BiLSTM-add-Word-LSTM-Word(g= 0.5,n= 2) 170.69710569010385 170.69558202898847
1-15, 15-30, 30-45, 45-60, 60-75, 75-90, 90+
[90.55290254567383, 88.85715046447054, 83.81474061517925, 76.21029591707946, 99.97187695802239, 227.57095980388192, 0]
