Namespace(batch_size=20, bptt=35, clip=0.25, combination=['1', '0', '0'], data='/home/lr/yukun/common_corpus/data/50lm/de', device='cuda:0', dropout=0.5, emsize=650, epochs=40, input_freq=1, log_interval=200, lr=20, max_gram_n=3, model='LSTM', nhid=650, nlayers=2, note='Word-LSTM', onnx_export='', save='word.en.model', seed=1111, tied=False, use_bilstm=True, weights=[1.0, 0.0, 0.0], word_out_num=1)
max length of word:35
n value in n-gram: 3
/home/lr/yukun/common_corpus/data/50lm/de Word-LSTM total param_num: 119.436M
/home/lr/yukun/common_corpus/data/50lm/de Word-LSTM decoder vocab size: 80745
/home/lr/yukun/common_corpus/data/50lm/de Word-LSTM encoder vocab size: 80745
| end of epoch   1 | time: 54.57s | valid loss  6.92 | valid ppl  1011.02 lr:20.00
| end of epoch   2 | time: 56.36s | valid loss  6.65 | valid ppl   769.43 lr:20.00
| end of epoch   3 | time: 57.03s | valid loss  6.51 | valid ppl   668.66 lr:20.00
| end of epoch   4 | time: 56.91s | valid loss  6.43 | valid ppl   618.71 lr:20.00
| end of epoch   5 | time: 57.13s | valid loss  6.42 | valid ppl   612.92 lr:20.00
| end of epoch   6 | time: 57.05s | valid loss  6.41 | valid ppl   605.13 lr:20.00
| end of epoch   7 | time: 56.97s | valid loss  6.42 | valid ppl   612.46 lr:20.00
| end of epoch   8 | time: 57.43s | valid loss  6.44 | valid ppl   623.59 lr: 5.00
| end of epoch   9 | time: 57.36s | valid loss  6.43 | valid ppl   619.59 lr: 1.25
| end of epoch  10 | time: 57.00s | valid loss  6.42 | valid ppl   611.90 lr: 0.31
| end of epoch  11 | time: 57.03s | valid loss  6.40 | valid ppl   601.35 lr: 0.08
| end of epoch  12 | time: 57.31s | valid loss  6.39 | valid ppl   598.32 lr: 0.08
| end of epoch  13 | time: 57.19s | valid loss  6.39 | valid ppl   596.57 lr: 0.08
| end of epoch  14 | time: 57.08s | valid loss  6.39 | valid ppl   595.65 lr: 0.08
| end of epoch  15 | time: 57.22s | valid loss  6.39 | valid ppl   595.46 lr: 0.08
| end of epoch  16 | time: 57.16s | valid loss  6.39 | valid ppl   595.08 lr: 0.08
| end of epoch  17 | time: 56.81s | valid loss  6.39 | valid ppl   595.06 lr: 0.08
| end of epoch  18 | time: 56.83s | valid loss  6.39 | valid ppl   594.98 lr: 0.08
| end of epoch  19 | time: 56.83s | valid loss  6.39 | valid ppl   595.14 lr: 0.08
all training time elapsed: 0:18:01.269534
training time per epoch: 0:00:27.031738
=========================================================================================
| End of training | test loss  6.41 | best_val_ppl   594.98 test ppl   606.71
=========================================================================================
final_out: /home/lr/yukun/common_corpus/data/50lm/de Word-LSTM 594.9849465269697 606.7113076902577
1-15, 15-30, 30-45, 45-60, 60-75, 75-90, 90+
[615.6860174054337, 336.4745293351712, 294.11740796004034, 255.3270617932799, 349.76555536549193, 617.6420251866583, 0]
